[debug] [2023-01-26T21:16:19.802Z] ----------------------------------------------------------------------
[debug] [2023-01-26T21:16:19.803Z] Command:       /usr/local/bin/node /usr/local/bin/firebase init --debug
[debug] [2023-01-26T21:16:19.804Z] CLI Version:   11.21.0
[debug] [2023-01-26T21:16:19.804Z] Platform:      darwin
[debug] [2023-01-26T21:16:19.804Z] Node Version:  v18.3.0
[debug] [2023-01-26T21:16:19.805Z] Time:          Thu Jan 26 2023 14:16:19 GMT-0700 (Mountain Standard Time)
[debug] [2023-01-26T21:16:19.805Z] ----------------------------------------------------------------------
[debug] 
[debug] [2023-01-26T21:16:19.810Z] > command requires scopes: ["email","openid","https://www.googleapis.com/auth/cloudplatformprojects.readonly","https://www.googleapis.com/auth/firebase","https://www.googleapis.com/auth/cloud-platform"]
[debug] [2023-01-26T21:16:19.811Z] > authorizing via signed-in user (demetriuswhites@gmail.com)
[info] 
     ######## #### ########  ######## ########     ###     ######  ########
     ##        ##  ##     ## ##       ##     ##  ##   ##  ##       ##
     ######    ##  ########  ######   ########  #########  ######  ######
     ##        ##  ##    ##  ##       ##     ## ##     ##       ## ##
     ##       #### ##     ## ######## ########  ##     ##  ######  ########

You're about to initialize a Firebase project in this directory:

  /Users/dwhites49/Desktop/firebase-tut

[info] 
=== Project Setup
[info] 
[info] First, let's associate this project directory with a Firebase project.
[info] You can create multiple project aliases by running firebase use --add, 
[info] but for now we'll just set up a default project.
[info] 
[debug] [2023-01-26T21:16:35.035Z] >>> [apiv2][query] GET https://firebase.googleapis.com/v1beta1/projects pageSize=100
[debug] [2023-01-26T21:16:35.522Z] <<< [apiv2][status] GET https://firebase.googleapis.com/v1beta1/projects 200
[debug] [2023-01-26T21:16:35.522Z] <<< [apiv2][body] GET https://firebase.googleapis.com/v1beta1/projects [omitted]
[info] i  Using project cloud-hosted-app-c08c4 (cloud-hosted-app) 
[info] 
=== Firestore Setup
[debug] [2023-01-26T21:16:36.354Z] >>> [apiv2][query] GET https://serviceusage.googleapis.com/v1/projects/cloud-hosted-app-c08c4/services/firestore.googleapis.com [none]
[debug] [2023-01-26T21:16:36.354Z] >>> [apiv2][(partial)header] GET https://serviceusage.googleapis.com/v1/projects/cloud-hosted-app-c08c4/services/firestore.googleapis.com x-goog-quota-user=projects/cloud-hosted-app-c08c4
[debug] [2023-01-26T21:16:37.059Z] <<< [apiv2][status] GET https://serviceusage.googleapis.com/v1/projects/cloud-hosted-app-c08c4/services/firestore.googleapis.com 200
[debug] [2023-01-26T21:16:37.059Z] <<< [apiv2][body] GET https://serviceusage.googleapis.com/v1/projects/cloud-hosted-app-c08c4/services/firestore.googleapis.com [omitted]
[debug] [2023-01-26T21:16:37.060Z] >>> [apiv2][query] GET https://appengine.googleapis.com/v1/apps/cloud-hosted-app-c08c4 [none]
[debug] [2023-01-26T21:16:37.286Z] <<< [apiv2][status] GET https://appengine.googleapis.com/v1/apps/cloud-hosted-app-c08c4 404
[debug] [2023-01-26T21:16:37.286Z] <<< [apiv2][body] GET https://appengine.googleapis.com/v1/apps/cloud-hosted-app-c08c4 {"error":{"code":404,"message":"App does not exist.","status":"NOT_FOUND"}}
[debug] [2023-01-26T21:16:37.287Z] error getting database typeHTTP Error: 404, App does not exist. {"name":"FirebaseError","children":[],"context":{"body":{"error":{"code":404,"message":"App does not exist.","status":"NOT_FOUND"}},"response":{"statusCode":404}},"exit":1,"message":"HTTP Error: 404, App does not exist.","status":404}
[debug] [2023-01-26T21:16:37.287Z] database_type: undefined
[error] 
[error] Error: It looks like you haven't used Cloud Firestore in this project before. Go to https://console.firebase.google.com/project/cloud-hosted-app-c08c4/firestore to create your Cloud Firestore database.
[debug] [2023-01-26T21:23:10.262Z] ----------------------------------------------------------------------
[debug] [2023-01-26T21:23:10.264Z] Command:       /usr/local/bin/node /usr/local/bin/firebase init --debug
[debug] [2023-01-26T21:23:10.264Z] CLI Version:   11.21.0
[debug] [2023-01-26T21:23:10.265Z] Platform:      darwin
[debug] [2023-01-26T21:23:10.265Z] Node Version:  v18.3.0
[debug] [2023-01-26T21:23:10.266Z] Time:          Thu Jan 26 2023 14:23:10 GMT-0700 (Mountain Standard Time)
[debug] [2023-01-26T21:23:10.266Z] ----------------------------------------------------------------------
[debug] 
[debug] [2023-01-26T21:23:10.271Z] > command requires scopes: ["email","openid","https://www.googleapis.com/auth/cloudplatformprojects.readonly","https://www.googleapis.com/auth/firebase","https://www.googleapis.com/auth/cloud-platform"]
[debug] [2023-01-26T21:23:10.272Z] > authorizing via signed-in user (demetriuswhites@gmail.com)
[info] 
     ######## #### ########  ######## ########     ###     ######  ########
     ##        ##  ##     ## ##       ##     ##  ##   ##  ##       ##
     ######    ##  ########  ######   ########  #########  ######  ######
     ##        ##  ##    ##  ##       ##     ## ##     ##       ## ##
     ##       #### ##     ## ######## ########  ##     ##  ######  ########

You're about to initialize a Firebase project in this directory:

  /Users/dwhites49/Desktop/firebase-tut

[info] 
=== Project Setup
[info] 
[info] First, let's associate this project directory with a Firebase project.
[info] You can create multiple project aliases by running firebase use --add, 
[info] but for now we'll just set up a default project.
[info] 
[debug] [2023-01-26T21:23:15.974Z] >>> [apiv2][query] GET https://firebase.googleapis.com/v1beta1/projects pageSize=100
[debug] [2023-01-26T21:23:16.670Z] <<< [apiv2][status] GET https://firebase.googleapis.com/v1beta1/projects 200
[debug] [2023-01-26T21:23:16.671Z] <<< [apiv2][body] GET https://firebase.googleapis.com/v1beta1/projects [omitted]
[info] i  Using project cloud-hosted-app-c08c4 (cloud-hosted-app) 
[info] 
=== Firestore Setup
[debug] [2023-01-26T21:23:17.564Z] >>> [apiv2][query] GET https://serviceusage.googleapis.com/v1/projects/cloud-hosted-app-c08c4/services/firestore.googleapis.com [none]
[debug] [2023-01-26T21:23:17.564Z] >>> [apiv2][(partial)header] GET https://serviceusage.googleapis.com/v1/projects/cloud-hosted-app-c08c4/services/firestore.googleapis.com x-goog-quota-user=projects/cloud-hosted-app-c08c4
[debug] [2023-01-26T21:23:18.100Z] <<< [apiv2][status] GET https://serviceusage.googleapis.com/v1/projects/cloud-hosted-app-c08c4/services/firestore.googleapis.com 200
[debug] [2023-01-26T21:23:18.100Z] <<< [apiv2][body] GET https://serviceusage.googleapis.com/v1/projects/cloud-hosted-app-c08c4/services/firestore.googleapis.com [omitted]
[debug] [2023-01-26T21:23:18.100Z] >>> [apiv2][query] GET https://appengine.googleapis.com/v1/apps/cloud-hosted-app-c08c4 [none]
[debug] [2023-01-26T21:23:18.416Z] <<< [apiv2][status] GET https://appengine.googleapis.com/v1/apps/cloud-hosted-app-c08c4 200
[debug] [2023-01-26T21:23:18.417Z] <<< [apiv2][body] GET https://appengine.googleapis.com/v1/apps/cloud-hosted-app-c08c4 {"name":"apps/cloud-hosted-app-c08c4","id":"cloud-hosted-app-c08c4","authDomain":"gmail.com","locationId":"us-central","codeBucket":"staging.cloud-hosted-app-c08c4.appspot.com","servingStatus":"SERVING","defaultHostname":"cloud-hosted-app-c08c4.uc.r.appspot.com","defaultBucket":"cloud-hosted-app-c08c4.appspot.com","serviceAccount":"cloud-hosted-app-c08c4@appspot.gserviceaccount.com","gcrDomain":"us.gcr.io","databaseType":"CLOUD_FIRESTORE","featureSettings":{"splitHealthChecks":true,"useContainerOptimizedOs":true}}
[debug] [2023-01-26T21:23:18.417Z] database_type: CLOUD_FIRESTORE
[debug] [2023-01-26T21:23:18.417Z] > command requires scopes: ["email","openid","https://www.googleapis.com/auth/cloudplatformprojects.readonly","https://www.googleapis.com/auth/firebase","https://www.googleapis.com/auth/cloud-platform"]
[debug] [2023-01-26T21:23:18.418Z] > authorizing via signed-in user (demetriuswhites@gmail.com)
[debug] [2023-01-26T21:23:18.418Z] [iam] checking project cloud-hosted-app-c08c4 for permissions ["firebase.projects.get"]
[debug] [2023-01-26T21:23:18.418Z] >>> [apiv2][query] POST https://cloudresourcemanager.googleapis.com/v1/projects/cloud-hosted-app-c08c4:testIamPermissions [none]
[debug] [2023-01-26T21:23:18.418Z] >>> [apiv2][(partial)header] POST https://cloudresourcemanager.googleapis.com/v1/projects/cloud-hosted-app-c08c4:testIamPermissions x-goog-quota-user=projects/cloud-hosted-app-c08c4
[debug] [2023-01-26T21:23:18.419Z] >>> [apiv2][body] POST https://cloudresourcemanager.googleapis.com/v1/projects/cloud-hosted-app-c08c4:testIamPermissions {"permissions":["firebase.projects.get"]}
[debug] [2023-01-26T21:23:18.715Z] <<< [apiv2][status] POST https://cloudresourcemanager.googleapis.com/v1/projects/cloud-hosted-app-c08c4:testIamPermissions 200
[debug] [2023-01-26T21:23:18.716Z] <<< [apiv2][body] POST https://cloudresourcemanager.googleapis.com/v1/projects/cloud-hosted-app-c08c4:testIamPermissions {"permissions":["firebase.projects.get"]}
[info] 
[info] Firestore Security Rules allow you to define how and when to allow
[info] requests. You can keep these rules in your project directory
[info] and publish them with firebase deploy.
[info] 
[debug] [2023-01-26T21:24:14.996Z] >>> [apiv2][query] GET https://firebaserules.googleapis.com/v1/projects/cloud-hosted-app-c08c4/releases pageSize=10&pageToken=
[debug] [2023-01-26T21:24:15.544Z] <<< [apiv2][status] GET https://firebaserules.googleapis.com/v1/projects/cloud-hosted-app-c08c4/releases 200
[debug] [2023-01-26T21:24:15.545Z] <<< [apiv2][body] GET https://firebaserules.googleapis.com/v1/projects/cloud-hosted-app-c08c4/releases {"releases":[{"name":"projects/cloud-hosted-app-c08c4/releases/cloud.firestore","rulesetName":"projects/cloud-hosted-app-c08c4/rulesets/953c411a-958a-48ca-824d-64a62053d0ae","createTime":"2023-01-26T17:25:10.326007Z","updateTime":"2023-01-26T17:26:12.433171Z"}]}
[debug] [2023-01-26T21:24:15.545Z] Found ruleset: projects/cloud-hosted-app-c08c4/rulesets/953c411a-958a-48ca-824d-64a62053d0ae
[debug] [2023-01-26T21:24:15.545Z] >>> [apiv2][query] GET https://firebaserules.googleapis.com/v1/projects/cloud-hosted-app-c08c4/rulesets/953c411a-958a-48ca-824d-64a62053d0ae [none]
[debug] [2023-01-26T21:24:15.766Z] <<< [apiv2][status] GET https://firebaserules.googleapis.com/v1/projects/cloud-hosted-app-c08c4/rulesets/953c411a-958a-48ca-824d-64a62053d0ae 200
[debug] [2023-01-26T21:24:15.766Z] <<< [apiv2][body] GET https://firebaserules.googleapis.com/v1/projects/cloud-hosted-app-c08c4/rulesets/953c411a-958a-48ca-824d-64a62053d0ae [omitted]
[info] 
[info] Firestore indexes allow you to perform complex queries while
[info] maintaining performance that scales with the size of the result
[info] set. You can keep index definitions in your project directory
[info] and publish them with firebase deploy.
[info] 
[debug] [2023-01-26T21:24:18.275Z] >>> [apiv2][query] GET https://firestore.googleapis.com/v1/projects/cloud-hosted-app-c08c4/databases/(default)/collectionGroups/-/indexes [none]
[debug] [2023-01-26T21:24:18.277Z] >>> [apiv2][query] GET https://firestore.googleapis.com/v1/projects/cloud-hosted-app-c08c4/databases/(default)/collectionGroups/-/fields?filter=indexConfig.usesAncestorConfig=false OR ttlConfig:* [none]
[debug] [2023-01-26T21:24:18.748Z] <<< [apiv2][status] GET https://firestore.googleapis.com/v1/projects/cloud-hosted-app-c08c4/databases/(default)/collectionGroups/-/indexes 200
[debug] [2023-01-26T21:24:18.748Z] <<< [apiv2][body] GET https://firestore.googleapis.com/v1/projects/cloud-hosted-app-c08c4/databases/(default)/collectionGroups/-/indexes {}
[debug] [2023-01-26T21:24:18.853Z] <<< [apiv2][status] GET https://firestore.googleapis.com/v1/projects/cloud-hosted-app-c08c4/databases/(default)/collectionGroups/-/fields?filter=indexConfig.usesAncestorConfig=false OR ttlConfig:* 200
[debug] [2023-01-26T21:24:18.853Z] <<< [apiv2][body] GET https://firestore.googleapis.com/v1/projects/cloud-hosted-app-c08c4/databases/(default)/collectionGroups/-/fields?filter=indexConfig.usesAncestorConfig=false OR ttlConfig:* {"fields":[{"name":"projects/cloud-hosted-app-c08c4/databases/(default)/collectionGroups/__default__/fields/*","indexConfig":{"indexes":[{"queryScope":"COLLECTION","fields":[{"fieldPath":"*","order":"ASCENDING"}],"state":"READY"},{"queryScope":"COLLECTION","fields":[{"fieldPath":"*","order":"DESCENDING"}],"state":"READY"},{"queryScope":"COLLECTION","fields":[{"fieldPath":"*","arrayConfig":"CONTAINS"}],"state":"READY"}]}}]}
[info] 
=== Functions Setup
[debug] [2023-01-26T21:24:18.856Z] > command requires scopes: ["email","openid","https://www.googleapis.com/auth/cloudplatformprojects.readonly","https://www.googleapis.com/auth/firebase","https://www.googleapis.com/auth/cloud-platform"]
[debug] [2023-01-26T21:24:18.856Z] > authorizing via signed-in user (demetriuswhites@gmail.com)
[debug] [2023-01-26T21:24:18.856Z] [iam] checking project cloud-hosted-app-c08c4 for permissions ["firebase.projects.get"]
[debug] [2023-01-26T21:24:18.856Z] >>> [apiv2][query] POST https://cloudresourcemanager.googleapis.com/v1/projects/cloud-hosted-app-c08c4:testIamPermissions [none]
[debug] [2023-01-26T21:24:18.856Z] >>> [apiv2][(partial)header] POST https://cloudresourcemanager.googleapis.com/v1/projects/cloud-hosted-app-c08c4:testIamPermissions x-goog-quota-user=projects/cloud-hosted-app-c08c4
[debug] [2023-01-26T21:24:18.856Z] >>> [apiv2][body] POST https://cloudresourcemanager.googleapis.com/v1/projects/cloud-hosted-app-c08c4:testIamPermissions {"permissions":["firebase.projects.get"]}
[debug] [2023-01-26T21:24:19.262Z] <<< [apiv2][status] POST https://cloudresourcemanager.googleapis.com/v1/projects/cloud-hosted-app-c08c4:testIamPermissions 200
[debug] [2023-01-26T21:24:19.262Z] <<< [apiv2][body] POST https://cloudresourcemanager.googleapis.com/v1/projects/cloud-hosted-app-c08c4:testIamPermissions {"permissions":["firebase.projects.get"]}
[debug] [2023-01-26T21:24:19.263Z] >>> [apiv2][query] GET https://serviceusage.googleapis.com/v1/projects/cloud-hosted-app-c08c4/services/cloudfunctions.googleapis.com [none]
[debug] [2023-01-26T21:24:19.263Z] >>> [apiv2][(partial)header] GET https://serviceusage.googleapis.com/v1/projects/cloud-hosted-app-c08c4/services/cloudfunctions.googleapis.com x-goog-quota-user=projects/cloud-hosted-app-c08c4
[debug] [2023-01-26T21:24:19.266Z] >>> [apiv2][query] GET https://serviceusage.googleapis.com/v1/projects/cloud-hosted-app-c08c4/services/runtimeconfig.googleapis.com [none]
[debug] [2023-01-26T21:24:19.266Z] >>> [apiv2][(partial)header] GET https://serviceusage.googleapis.com/v1/projects/cloud-hosted-app-c08c4/services/runtimeconfig.googleapis.com x-goog-quota-user=projects/cloud-hosted-app-c08c4
[debug] [2023-01-26T21:24:19.750Z] <<< [apiv2][status] GET https://serviceusage.googleapis.com/v1/projects/cloud-hosted-app-c08c4/services/runtimeconfig.googleapis.com 200
[debug] [2023-01-26T21:24:19.750Z] <<< [apiv2][body] GET https://serviceusage.googleapis.com/v1/projects/cloud-hosted-app-c08c4/services/runtimeconfig.googleapis.com [omitted]
[debug] [2023-01-26T21:24:19.754Z] <<< [apiv2][status] GET https://serviceusage.googleapis.com/v1/projects/cloud-hosted-app-c08c4/services/cloudfunctions.googleapis.com 200
[debug] [2023-01-26T21:24:19.754Z] <<< [apiv2][body] GET https://serviceusage.googleapis.com/v1/projects/cloud-hosted-app-c08c4/services/cloudfunctions.googleapis.com [omitted]
[debug] [2023-01-26T21:24:19.755Z] >>> [apiv2][query] POST https://serviceusage.googleapis.com/v1/projects/cloud-hosted-app-c08c4/services/cloudfunctions.googleapis.com:enable [none]
[debug] [2023-01-26T21:24:19.755Z] >>> [apiv2][(partial)header] POST https://serviceusage.googleapis.com/v1/projects/cloud-hosted-app-c08c4/services/cloudfunctions.googleapis.com:enable x-goog-quota-user=projects/cloud-hosted-app-c08c4
[debug] [2023-01-26T21:24:20.567Z] <<< [apiv2][status] POST https://serviceusage.googleapis.com/v1/projects/cloud-hosted-app-c08c4/services/cloudfunctions.googleapis.com:enable 200
[debug] [2023-01-26T21:24:20.567Z] <<< [apiv2][body] POST https://serviceusage.googleapis.com/v1/projects/cloud-hosted-app-c08c4/services/cloudfunctions.googleapis.com:enable [omitted]
[debug] [2023-01-26T21:24:30.569Z] >>> [apiv2][query] GET https://serviceusage.googleapis.com/v1/projects/cloud-hosted-app-c08c4/services/cloudfunctions.googleapis.com [none]
[debug] [2023-01-26T21:24:30.569Z] >>> [apiv2][(partial)header] GET https://serviceusage.googleapis.com/v1/projects/cloud-hosted-app-c08c4/services/cloudfunctions.googleapis.com x-goog-quota-user=projects/cloud-hosted-app-c08c4
[debug] [2023-01-26T21:24:31.024Z] <<< [apiv2][status] GET https://serviceusage.googleapis.com/v1/projects/cloud-hosted-app-c08c4/services/cloudfunctions.googleapis.com 200
[debug] [2023-01-26T21:24:31.025Z] <<< [apiv2][body] GET https://serviceusage.googleapis.com/v1/projects/cloud-hosted-app-c08c4/services/cloudfunctions.googleapis.com [omitted]
[info] Let's create a new codebase for your functions.
[info] A directory corresponding to the codebase will be created in your project
[info] with sample code pre-configured.

[info] See https://firebase.google.com/docs/functions/organize-functions for
[info] more information on organizing your functions using codebases.

[info] Functions can be deployed with firebase deploy.

[info] ✔  Wrote functions/package.json 
[info] ✔  Wrote functions/.eslintrc.js 
[info] ✔  Wrote functions/index.js 
[info] ✔  Wrote functions/.gitignore 
[info] 
=== Emulators Setup
[info] i  firestore: downloading cloud-firestore-emulator-v1.15.1.jar... {"metadata":{"emulator":{"name":"firestore"},"message":"downloading cloud-firestore-emulator-v1.15.1.jar..."}}
[debug] [2023-01-26T21:26:05.793Z] >>> [apiv2][query] GET https://storage.googleapis.com/firebase-preview-drop/emulator/cloud-firestore-emulator-v1.15.1.jar 
[debug] [2023-01-26T21:26:05.982Z] <<< [apiv2][status] GET https://storage.googleapis.com/firebase-preview-drop/emulator/cloud-firestore-emulator-v1.15.1.jar 200
[debug] [2023-01-26T21:26:05.982Z] <<< [apiv2][body] GET https://storage.googleapis.com/firebase-preview-drop/emulator/cloud-firestore-emulator-v1.15.1.jar [stream]
[info] i  ui: downloading ui-v1.11.2.zip... {"metadata":{"emulator":{"name":"ui"},"message":"downloading ui-v1.11.2.zip..."}}
